{
  "RSpec": {
    "coverage": {
      "/home/balanced-anchor-3429/tic-tac-toe-rb-dc-fasttrack-041319/lib/tic_tac_toe.rb": [
        null,
        1,
        null,
        null,
        null,
        null,
        null,
        null,
        null,
        null,
        null,
        null,
        1,
        0,
        0,
        0,
        0,
        0,
        null,
        null,
        null,
        1,
        null,
        null,
        null,
        null
      ]
    },
    "timestamp": 1555267121
  }
}
